<?xml version="1.0"?>
<!DOCTYPE coverage SYSTEM "http://cobertura.sourceforge.net/xml/coverage-04.dtd">

<coverage line-rate="0.8791208791208791" branch-rate="0.6388888888888888" lines-covered="80" lines-valid="91" branches-covered="23" branches-valid="36" complexity="2.6666666666666665" version="1.9.4.1" timestamp="1326132000891">
	<sources>
		<source>--source</source>
		<source>/Users/alex/Sites/bbq/bbq-test/src/main/java</source>
	</sources>
	<packages>
		<package name="org.bbqjs.tests" line-rate="0.8791208791208791" branch-rate="0.6388888888888888" complexity="2.6666666666666665">
			<classes>
				<class name="org.bbqjs.tests.JavaScriptTestRunner" filename="org/bbqjs/tests/JavaScriptTestRunner.java" line-rate="0.8701298701298701" branch-rate="0.6388888888888888" complexity="3.5">
					<methods>
						<method name="&lt;clinit&gt;" signature="()V" line-rate="1.0" branch-rate="1.0">
							<lines>
								<line number="17" hits="2" branch="false"/>
							</lines>
						</method>
						<method name="&lt;init&gt;" signature="()V" line-rate="1.0" branch-rate="1.0">
							<lines>
								<line number="16" hits="6" branch="false"/>
							</lines>
						</method>
						<method name="getContext" signature="()Lorg/mozilla/javascript/Context;" line-rate="1.0" branch-rate="1.0">
							<lines>
								<line number="33" hits="6" branch="true" condition-coverage="100% (2/2)">
									<conditions>
										<condition number="0" type="jump" coverage="100%"/>
									</conditions>
								</line>
								<line number="34" hits="2" branch="false"/>
								<line number="35" hits="2" branch="false"/>
								<line number="36" hits="2" branch="false"/>
								<line number="37" hits="2" branch="false"/>
								<line number="38" hits="2" branch="false"/>
								<line number="41" hits="2" branch="false"/>
								<line number="44" hits="6" branch="false"/>
							</lines>
						</method>
						<method name="getInteger" signature="(Ljava/lang/String;Lorg/mozilla/javascript/NativeObject;)I" line-rate="0.75" branch-rate="0.5">
							<lines>
								<line number="126" hits="12" branch="false"/>
								<line number="128" hits="12" branch="true" condition-coverage="50% (1/2)">
									<conditions>
										<condition number="0" type="jump" coverage="50%"/>
									</conditions>
								</line>
								<line number="129" hits="0" branch="false"/>
								<line number="132" hits="12" branch="false"/>
							</lines>
						</method>
						<method name="getStringArray" signature="(Ljava/lang/String;Lorg/mozilla/javascript/NativeObject;)[Ljava/lang/String;" line-rate="0.875" branch-rate="0.75">
							<lines>
								<line number="136" hits="4" branch="false"/>
								<line number="138" hits="4" branch="true" condition-coverage="50% (1/2)">
									<conditions>
										<condition number="0" type="jump" coverage="50%"/>
									</conditions>
								</line>
								<line number="139" hits="0" branch="false"/>
								<line number="142" hits="4" branch="false"/>
								<line number="144" hits="4" branch="false"/>
								<line number="146" hits="8" branch="true" condition-coverage="100% (2/2)">
									<conditions>
										<condition number="0" type="jump" coverage="100%"/>
									</conditions>
								</line>
								<line number="147" hits="4" branch="false"/>
								<line number="150" hits="4" branch="false"/>
							</lines>
						</method>
						<method name="parseResult" signature="(Lorg/mozilla/javascript/NativeObject;)Lorg/bbqjs/tests/TestResult;" line-rate="0.875" branch-rate="0.5833333333333334">
							<lines>
								<line number="95" hits="4" branch="false"/>
								<line number="96" hits="4" branch="false"/>
								<line number="97" hits="4" branch="false"/>
								<line number="98" hits="4" branch="false"/>
								<line number="100" hits="8" branch="true" condition-coverage="100% (2/2)">
									<conditions>
										<condition number="0" type="jump" coverage="100%"/>
									</conditions>
								</line>
								<line number="101" hits="4" branch="false"/>
								<line number="103" hits="4" branch="false"/>
								<line number="106" hits="4" branch="false"/>
								<line number="108" hits="4" branch="false"/>
								<line number="110" hits="4" branch="true" condition-coverage="50% (1/2)">
									<conditions>
										<condition number="0" type="jump" coverage="50%"/>
									</conditions>
								</line>
								<line number="111" hits="0" branch="false"/>
								<line number="114" hits="4" branch="true" condition-coverage="100% (2/2)">
									<conditions>
										<condition number="0" type="jump" coverage="100%"/>
									</conditions>
								</line>
								<line number="115" hits="2" branch="true" condition-coverage="50% (1/2)">
									<conditions>
										<condition number="0" type="jump" coverage="50%"/>
									</conditions>
								</line>
								<line number="118" hits="2" branch="true" condition-coverage="50% (1/2)">
									<conditions>
										<condition number="0" type="jump" coverage="50%"/>
									</conditions>
								</line>
								<line number="119" hits="0" branch="true" condition-coverage="0% (0/2)">
									<conditions>
										<condition number="0" type="jump" coverage="0%"/>
									</conditions>
								</line>
								<line number="122" hits="2" branch="false"/>
							</lines>
						</method>
						<method name="runTest" signature="()Lorg/bbqjs/tests/TestResult;" line-rate="0.9523809523809523" branch-rate="0.6">
							<lines>
								<line number="48" hits="6" branch="false"/>
								<line number="50" hits="6" branch="false"/>
								<line number="52" hits="6" branch="true" condition-coverage="50% (2/4)">
									<conditions>
										<condition number="0" type="jump" coverage="50%"/>
										<condition number="1" type="jump" coverage="50%"/>
									</conditions>
								</line>
								<line number="53" hits="6" branch="false"/>
								<line number="55" hits="6" branch="true" condition-coverage="50% (1/2)">
									<conditions>
										<condition number="0" type="jump" coverage="50%"/>
									</conditions>
								</line>
								<line number="56" hits="6" branch="false"/>
								<line number="59" hits="0" branch="false"/>
								<line number="62" hits="6" branch="false"/>
								<line number="64" hits="6" branch="true" condition-coverage="50% (1/2)">
									<conditions>
										<condition number="0" type="jump" coverage="50%"/>
									</conditions>
								</line>
								<line number="65" hits="6" branch="false"/>
								<line number="68" hits="6" branch="false"/>
								<line number="70" hits="6" branch="false"/>
								<line number="73" hits="6" branch="false"/>
								<line number="74" hits="6" branch="false"/>
								<line number="77" hits="6" branch="false"/>
								<line number="80" hits="6" branch="false"/>
								<line number="82" hits="6" branch="true" condition-coverage="100% (2/2)">
									<conditions>
										<condition number="0" type="jump" coverage="100%"/>
									</conditions>
								</line>
								<line number="83" hits="2" branch="false"/>
								<line number="86" hits="4" branch="false"/>
								<line number="89" hits="4" branch="false"/>
								<line number="91" hits="4" branch="false"/>
							</lines>
						</method>
						<method name="setIncludes" signature="([Ljava/lang/String;)V" line-rate="1.0" branch-rate="0.75">
							<lines>
								<line number="154" hits="6" branch="false"/>
								<line number="155" hits="6" branch="false"/>
								<line number="156" hits="6" branch="false"/>
								<line number="158" hits="6" branch="true" condition-coverage="50% (1/2)">
									<conditions>
										<condition number="0" type="jump" coverage="50%"/>
									</conditions>
								</line>
								<line number="159" hits="18" branch="true" condition-coverage="100% (2/2)">
									<conditions>
										<condition number="0" type="jump" coverage="100%"/>
									</conditions>
								</line>
								<line number="160" hits="12" branch="false"/>
								<line number="164" hits="6" branch="false"/>
								<line number="165" hits="6" branch="false"/>
							</lines>
						</method>
						<method name="setLogger" signature="(Lorg/slf4j/Logger;)V" line-rate="0.0" branch-rate="1.0">
							<lines>
								<line number="20" hits="0" branch="false"/>
								<line number="21" hits="0" branch="false"/>
							</lines>
						</method>
						<method name="setSourceRoots" signature="([Ljava/lang/String;)V" line-rate="0.0" branch-rate="1.0">
							<lines>
								<line number="180" hits="0" branch="false"/>
								<line number="181" hits="0" branch="false"/>
							</lines>
						</method>
						<method name="setTestFile" signature="(Ljava/net/URL;)V" line-rate="0.75" branch-rate="0.5">
							<lines>
								<line number="168" hits="6" branch="true" condition-coverage="50% (1/2)">
									<conditions>
										<condition number="0" type="jump" coverage="50%"/>
									</conditions>
								</line>
								<line number="169" hits="0" branch="false"/>
								<line number="172" hits="6" branch="false"/>
								<line number="173" hits="6" branch="false"/>
							</lines>
						</method>
						<method name="setTestPackage" signature="(Ljava/lang/String;)V" line-rate="1.0" branch-rate="1.0">
							<lines>
								<line number="176" hits="6" branch="false"/>
								<line number="177" hits="6" branch="false"/>
							</lines>
						</method>
					</methods>
					<lines>
						<line number="16" hits="6" branch="false"/>
						<line number="17" hits="2" branch="false"/>
						<line number="20" hits="0" branch="false"/>
						<line number="21" hits="0" branch="false"/>
						<line number="33" hits="6" branch="true" condition-coverage="100% (2/2)">
							<conditions>
								<condition number="0" type="jump" coverage="100%"/>
							</conditions>
						</line>
						<line number="34" hits="2" branch="false"/>
						<line number="35" hits="2" branch="false"/>
						<line number="36" hits="2" branch="false"/>
						<line number="37" hits="2" branch="false"/>
						<line number="38" hits="2" branch="false"/>
						<line number="41" hits="2" branch="false"/>
						<line number="44" hits="6" branch="false"/>
						<line number="48" hits="6" branch="false"/>
						<line number="50" hits="6" branch="false"/>
						<line number="52" hits="6" branch="true" condition-coverage="50% (2/4)">
							<conditions>
								<condition number="0" type="jump" coverage="50%"/>
								<condition number="1" type="jump" coverage="50%"/>
							</conditions>
						</line>
						<line number="53" hits="6" branch="false"/>
						<line number="55" hits="6" branch="true" condition-coverage="50% (1/2)">
							<conditions>
								<condition number="0" type="jump" coverage="50%"/>
							</conditions>
						</line>
						<line number="56" hits="6" branch="false"/>
						<line number="59" hits="0" branch="false"/>
						<line number="62" hits="6" branch="false"/>
						<line number="64" hits="6" branch="true" condition-coverage="50% (1/2)">
							<conditions>
								<condition number="0" type="jump" coverage="50%"/>
							</conditions>
						</line>
						<line number="65" hits="6" branch="false"/>
						<line number="68" hits="6" branch="false"/>
						<line number="70" hits="6" branch="false"/>
						<line number="73" hits="6" branch="false"/>
						<line number="74" hits="6" branch="false"/>
						<line number="77" hits="6" branch="false"/>
						<line number="80" hits="6" branch="false"/>
						<line number="82" hits="6" branch="true" condition-coverage="100% (2/2)">
							<conditions>
								<condition number="0" type="jump" coverage="100%"/>
							</conditions>
						</line>
						<line number="83" hits="2" branch="false"/>
						<line number="86" hits="4" branch="false"/>
						<line number="89" hits="4" branch="false"/>
						<line number="91" hits="4" branch="false"/>
						<line number="95" hits="4" branch="false"/>
						<line number="96" hits="4" branch="false"/>
						<line number="97" hits="4" branch="false"/>
						<line number="98" hits="4" branch="false"/>
						<line number="100" hits="8" branch="true" condition-coverage="100% (2/2)">
							<conditions>
								<condition number="0" type="jump" coverage="100%"/>
							</conditions>
						</line>
						<line number="101" hits="4" branch="false"/>
						<line number="103" hits="4" branch="false"/>
						<line number="106" hits="4" branch="false"/>
						<line number="108" hits="4" branch="false"/>
						<line number="110" hits="4" branch="true" condition-coverage="50% (1/2)">
							<conditions>
								<condition number="0" type="jump" coverage="50%"/>
							</conditions>
						</line>
						<line number="111" hits="0" branch="false"/>
						<line number="114" hits="4" branch="true" condition-coverage="100% (2/2)">
							<conditions>
								<condition number="0" type="jump" coverage="100%"/>
							</conditions>
						</line>
						<line number="115" hits="2" branch="true" condition-coverage="50% (1/2)">
							<conditions>
								<condition number="0" type="jump" coverage="50%"/>
							</conditions>
						</line>
						<line number="118" hits="2" branch="true" condition-coverage="50% (1/2)">
							<conditions>
								<condition number="0" type="jump" coverage="50%"/>
							</conditions>
						</line>
						<line number="119" hits="0" branch="true" condition-coverage="0% (0/2)">
							<conditions>
								<condition number="0" type="jump" coverage="0%"/>
							</conditions>
						</line>
						<line number="122" hits="2" branch="false"/>
						<line number="126" hits="12" branch="false"/>
						<line number="128" hits="12" branch="true" condition-coverage="50% (1/2)">
							<conditions>
								<condition number="0" type="jump" coverage="50%"/>
							</conditions>
						</line>
						<line number="129" hits="0" branch="false"/>
						<line number="132" hits="12" branch="false"/>
						<line number="136" hits="4" branch="false"/>
						<line number="138" hits="4" branch="true" condition-coverage="50% (1/2)">
							<conditions>
								<condition number="0" type="jump" coverage="50%"/>
							</conditions>
						</line>
						<line number="139" hits="0" branch="false"/>
						<line number="142" hits="4" branch="false"/>
						<line number="144" hits="4" branch="false"/>
						<line number="146" hits="8" branch="true" condition-coverage="100% (2/2)">
							<conditions>
								<condition number="0" type="jump" coverage="100%"/>
							</conditions>
						</line>
						<line number="147" hits="4" branch="false"/>
						<line number="150" hits="4" branch="false"/>
						<line number="154" hits="6" branch="false"/>
						<line number="155" hits="6" branch="false"/>
						<line number="156" hits="6" branch="false"/>
						<line number="158" hits="6" branch="true" condition-coverage="50% (1/2)">
							<conditions>
								<condition number="0" type="jump" coverage="50%"/>
							</conditions>
						</line>
						<line number="159" hits="18" branch="true" condition-coverage="100% (2/2)">
							<conditions>
								<condition number="0" type="jump" coverage="100%"/>
							</conditions>
						</line>
						<line number="160" hits="12" branch="false"/>
						<line number="164" hits="6" branch="false"/>
						<line number="165" hits="6" branch="false"/>
						<line number="168" hits="6" branch="true" condition-coverage="50% (1/2)">
							<conditions>
								<condition number="0" type="jump" coverage="50%"/>
							</conditions>
						</line>
						<line number="169" hits="0" branch="false"/>
						<line number="172" hits="6" branch="false"/>
						<line number="173" hits="6" branch="false"/>
						<line number="176" hits="6" branch="false"/>
						<line number="177" hits="6" branch="false"/>
						<line number="180" hits="0" branch="false"/>
						<line number="181" hits="0" branch="false"/>
					</lines>
				</class>
				<class name="org.bbqjs.tests.TestResult" filename="org/bbqjs/tests/TestResult.java" line-rate="0.9" branch-rate="1.0" complexity="1.0">
					<methods>
						<method name="&lt;init&gt;" signature="(Lorg/bbqjs/tests/TestResult$TYPE;Ljava/lang/String;)V" line-rate="1.0" branch-rate="1.0">
							<lines>
								<line number="20" hits="6" branch="false"/>
								<line number="21" hits="6" branch="false"/>
								<line number="22" hits="6" branch="false"/>
								<line number="23" hits="6" branch="false"/>
							</lines>
						</method>
						<method name="&lt;init&gt;" signature="(Lorg/bbqjs/tests/TestResult$TYPE;Ljava/lang/String;Ljava/lang/String;)V" line-rate="1.0" branch-rate="1.0">
							<lines>
								<line number="15" hits="2" branch="false"/>
								<line number="17" hits="2" branch="false"/>
								<line number="18" hits="2" branch="false"/>
							</lines>
						</method>
						<method name="getMessage" signature="()Ljava/lang/String;" line-rate="1.0" branch-rate="1.0">
							<lines>
								<line number="34" hits="2" branch="false"/>
							</lines>
						</method>
						<method name="getName" signature="()Ljava/lang/String;" line-rate="0.0" branch-rate="1.0">
							<lines>
								<line number="30" hits="0" branch="false"/>
							</lines>
						</method>
						<method name="getType" signature="()Lorg/bbqjs/tests/TestResult$TYPE;" line-rate="1.0" branch-rate="1.0">
							<lines>
								<line number="26" hits="6" branch="false"/>
							</lines>
						</method>
					</methods>
					<lines>
						<line number="15" hits="2" branch="false"/>
						<line number="17" hits="2" branch="false"/>
						<line number="18" hits="2" branch="false"/>
						<line number="20" hits="6" branch="false"/>
						<line number="21" hits="6" branch="false"/>
						<line number="22" hits="6" branch="false"/>
						<line number="23" hits="6" branch="false"/>
						<line number="26" hits="6" branch="false"/>
						<line number="30" hits="0" branch="false"/>
						<line number="34" hits="2" branch="false"/>
					</lines>
				</class>
				<class name="org.bbqjs.tests.TestResult$TYPE" filename="org/bbqjs/tests/TestResult.java" line-rate="1.0" branch-rate="1.0" complexity="1.0">
					<methods>
						<method name="&lt;clinit&gt;" signature="()V" line-rate="1.0" branch-rate="1.0">
							<lines>
								<line number="4" hits="8" branch="false"/>
								<line number="5" hits="2" branch="false"/>
								<line number="6" hits="2" branch="false"/>
								<line number="7" hits="2" branch="false"/>
							</lines>
						</method>
						<method name="&lt;init&gt;" signature="(Ljava/lang/String;I)V" line-rate="1.0" branch-rate="1.0">
							<lines>
							</lines>
						</method>
						<method name="valueOf" signature="(Ljava/lang/String;)Lorg/bbqjs/tests/TestResult$TYPE;" line-rate="1.0" branch-rate="1.0">
							<lines>
							</lines>
						</method>
						<method name="values" signature="()[Lorg/bbqjs/tests/TestResult$TYPE;" line-rate="1.0" branch-rate="1.0">
							<lines>
							</lines>
						</method>
					</methods>
					<lines>
						<line number="4" hits="8" branch="false"/>
						<line number="5" hits="2" branch="false"/>
						<line number="6" hits="2" branch="false"/>
						<line number="7" hits="2" branch="false"/>
					</lines>
				</class>
			</classes>
		</package>
	</packages>
</coverage>
