<?xml version="1.0"?>
<!DOCTYPE coverage SYSTEM "http://cobertura.sourceforge.net/xml/coverage-04.dtd">

<coverage line-rate="0.8791208791208791" branch-rate="0.6388888888888888" lines-covered="80" lines-valid="91" branches-covered="23" branches-valid="36" complexity="2.6666666666666665" version="1.9.4.1" timestamp="1326393957683">
	<sources>
		<source>--source</source>
		<source>/Users/alex/Sites/bbq/bbq-test/src/main/java</source>
	</sources>
	<packages>
		<package name="org.bbqjs.tests" line-rate="0.8791208791208791" branch-rate="0.6388888888888888" complexity="2.6666666666666665">
			<classes>
				<class name="org.bbqjs.tests.JavaScriptTestRunner" filename="org/bbqjs/tests/JavaScriptTestRunner.java" line-rate="0.8701298701298701" branch-rate="0.6388888888888888" complexity="3.5">
					<methods>
						<method name="&lt;clinit&gt;" signature="()V" line-rate="1.0" branch-rate="1.0">
							<lines>
								<line number="22" hits="2" branch="false"/>
							</lines>
						</method>
						<method name="&lt;init&gt;" signature="()V" line-rate="1.0" branch-rate="1.0">
							<lines>
								<line number="21" hits="6" branch="false"/>
							</lines>
						</method>
						<method name="getContext" signature="()Lorg/mozilla/javascript/Context;" line-rate="1.0" branch-rate="1.0">
							<lines>
								<line number="43" hits="6" branch="true" condition-coverage="100% (2/2)">
									<conditions>
										<condition number="0" type="jump" coverage="100%"/>
									</conditions>
								</line>
								<line number="44" hits="2" branch="false"/>
								<line number="45" hits="2" branch="false"/>
								<line number="46" hits="2" branch="false"/>
								<line number="47" hits="2" branch="false"/>
								<line number="48" hits="2" branch="false"/>
								<line number="51" hits="2" branch="false"/>
								<line number="54" hits="6" branch="false"/>
							</lines>
						</method>
						<method name="getInteger" signature="(Ljava/lang/String;Lorg/mozilla/javascript/NativeObject;)I" line-rate="0.75" branch-rate="0.5">
							<lines>
								<line number="156" hits="12" branch="false"/>
								<line number="158" hits="12" branch="true" condition-coverage="50% (1/2)">
									<conditions>
										<condition number="0" type="jump" coverage="50%"/>
									</conditions>
								</line>
								<line number="159" hits="0" branch="false"/>
								<line number="162" hits="12" branch="false"/>
							</lines>
						</method>
						<method name="getStringArray" signature="(Ljava/lang/String;Lorg/mozilla/javascript/NativeObject;)[Ljava/lang/String;" line-rate="0.875" branch-rate="0.75">
							<lines>
								<line number="174" hits="4" branch="false"/>
								<line number="176" hits="4" branch="true" condition-coverage="50% (1/2)">
									<conditions>
										<condition number="0" type="jump" coverage="50%"/>
									</conditions>
								</line>
								<line number="177" hits="0" branch="false"/>
								<line number="180" hits="4" branch="false"/>
								<line number="182" hits="4" branch="false"/>
								<line number="184" hits="8" branch="true" condition-coverage="100% (2/2)">
									<conditions>
										<condition number="0" type="jump" coverage="100%"/>
									</conditions>
								</line>
								<line number="185" hits="4" branch="false"/>
								<line number="188" hits="4" branch="false"/>
							</lines>
						</method>
						<method name="parseResult" signature="(Lorg/mozilla/javascript/NativeObject;)Lorg/bbqjs/tests/TestResult;" line-rate="0.875" branch-rate="0.5833333333333334">
							<lines>
								<line number="117" hits="4" branch="false"/>
								<line number="118" hits="4" branch="false"/>
								<line number="119" hits="4" branch="false"/>
								<line number="120" hits="4" branch="false"/>
								<line number="122" hits="8" branch="true" condition-coverage="100% (2/2)">
									<conditions>
										<condition number="0" type="jump" coverage="100%"/>
									</conditions>
								</line>
								<line number="123" hits="4" branch="false"/>
								<line number="125" hits="4" branch="false"/>
								<line number="128" hits="4" branch="false"/>
								<line number="130" hits="4" branch="false"/>
								<line number="132" hits="4" branch="true" condition-coverage="50% (1/2)">
									<conditions>
										<condition number="0" type="jump" coverage="50%"/>
									</conditions>
								</line>
								<line number="133" hits="0" branch="false"/>
								<line number="136" hits="4" branch="true" condition-coverage="100% (2/2)">
									<conditions>
										<condition number="0" type="jump" coverage="100%"/>
									</conditions>
								</line>
								<line number="137" hits="2" branch="true" condition-coverage="50% (1/2)">
									<conditions>
										<condition number="0" type="jump" coverage="50%"/>
									</conditions>
								</line>
								<line number="140" hits="2" branch="true" condition-coverage="50% (1/2)">
									<conditions>
										<condition number="0" type="jump" coverage="50%"/>
									</conditions>
								</line>
								<line number="141" hits="0" branch="true" condition-coverage="0% (0/2)">
									<conditions>
										<condition number="0" type="jump" coverage="0%"/>
									</conditions>
								</line>
								<line number="144" hits="2" branch="false"/>
							</lines>
						</method>
						<method name="runTest" signature="()Lorg/bbqjs/tests/TestResult;" line-rate="0.9523809523809523" branch-rate="0.6">
							<lines>
								<line number="64" hits="6" branch="false"/>
								<line number="66" hits="6" branch="false"/>
								<line number="68" hits="6" branch="true" condition-coverage="50% (2/4)">
									<conditions>
										<condition number="0" type="jump" coverage="50%"/>
										<condition number="1" type="jump" coverage="50%"/>
									</conditions>
								</line>
								<line number="69" hits="6" branch="false"/>
								<line number="71" hits="6" branch="true" condition-coverage="50% (1/2)">
									<conditions>
										<condition number="0" type="jump" coverage="50%"/>
									</conditions>
								</line>
								<line number="72" hits="6" branch="false"/>
								<line number="75" hits="0" branch="false"/>
								<line number="78" hits="6" branch="false"/>
								<line number="80" hits="6" branch="true" condition-coverage="50% (1/2)">
									<conditions>
										<condition number="0" type="jump" coverage="50%"/>
									</conditions>
								</line>
								<line number="81" hits="6" branch="false"/>
								<line number="84" hits="6" branch="false"/>
								<line number="86" hits="6" branch="false"/>
								<line number="89" hits="6" branch="false"/>
								<line number="90" hits="6" branch="false"/>
								<line number="93" hits="6" branch="false"/>
								<line number="96" hits="6" branch="false"/>
								<line number="98" hits="6" branch="true" condition-coverage="100% (2/2)">
									<conditions>
										<condition number="0" type="jump" coverage="100%"/>
									</conditions>
								</line>
								<line number="99" hits="2" branch="false"/>
								<line number="102" hits="4" branch="false"/>
								<line number="105" hits="4" branch="false"/>
								<line number="107" hits="4" branch="false"/>
							</lines>
						</method>
						<method name="setIncludes" signature="([Ljava/lang/String;)V" line-rate="1.0" branch-rate="0.75">
							<lines>
								<line number="197" hits="6" branch="false"/>
								<line number="198" hits="6" branch="false"/>
								<line number="199" hits="6" branch="false"/>
								<line number="201" hits="6" branch="true" condition-coverage="50% (1/2)">
									<conditions>
										<condition number="0" type="jump" coverage="50%"/>
									</conditions>
								</line>
								<line number="202" hits="18" branch="true" condition-coverage="100% (2/2)">
									<conditions>
										<condition number="0" type="jump" coverage="100%"/>
									</conditions>
								</line>
								<line number="203" hits="12" branch="false"/>
								<line number="207" hits="6" branch="false"/>
								<line number="208" hits="6" branch="false"/>
							</lines>
						</method>
						<method name="setLogger" signature="(Lorg/slf4j/Logger;)V" line-rate="0.0" branch-rate="1.0">
							<lines>
								<line number="25" hits="0" branch="false"/>
								<line number="26" hits="0" branch="false"/>
							</lines>
						</method>
						<method name="setSourceRoots" signature="([Ljava/lang/String;)V" line-rate="0.0" branch-rate="1.0">
							<lines>
								<line number="241" hits="0" branch="false"/>
								<line number="242" hits="0" branch="false"/>
							</lines>
						</method>
						<method name="setTestFile" signature="(Ljava/net/URL;)V" line-rate="0.75" branch-rate="0.5">
							<lines>
								<line number="216" hits="6" branch="true" condition-coverage="50% (1/2)">
									<conditions>
										<condition number="0" type="jump" coverage="50%"/>
									</conditions>
								</line>
								<line number="217" hits="0" branch="false"/>
								<line number="220" hits="6" branch="false"/>
								<line number="221" hits="6" branch="false"/>
							</lines>
						</method>
						<method name="setTestPackage" signature="(Ljava/lang/String;)V" line-rate="1.0" branch-rate="1.0">
							<lines>
								<line number="231" hits="6" branch="false"/>
								<line number="232" hits="6" branch="false"/>
							</lines>
						</method>
					</methods>
					<lines>
						<line number="21" hits="6" branch="false"/>
						<line number="22" hits="2" branch="false"/>
						<line number="25" hits="0" branch="false"/>
						<line number="26" hits="0" branch="false"/>
						<line number="43" hits="6" branch="true" condition-coverage="100% (2/2)">
							<conditions>
								<condition number="0" type="jump" coverage="100%"/>
							</conditions>
						</line>
						<line number="44" hits="2" branch="false"/>
						<line number="45" hits="2" branch="false"/>
						<line number="46" hits="2" branch="false"/>
						<line number="47" hits="2" branch="false"/>
						<line number="48" hits="2" branch="false"/>
						<line number="51" hits="2" branch="false"/>
						<line number="54" hits="6" branch="false"/>
						<line number="64" hits="6" branch="false"/>
						<line number="66" hits="6" branch="false"/>
						<line number="68" hits="6" branch="true" condition-coverage="50% (2/4)">
							<conditions>
								<condition number="0" type="jump" coverage="50%"/>
								<condition number="1" type="jump" coverage="50%"/>
							</conditions>
						</line>
						<line number="69" hits="6" branch="false"/>
						<line number="71" hits="6" branch="true" condition-coverage="50% (1/2)">
							<conditions>
								<condition number="0" type="jump" coverage="50%"/>
							</conditions>
						</line>
						<line number="72" hits="6" branch="false"/>
						<line number="75" hits="0" branch="false"/>
						<line number="78" hits="6" branch="false"/>
						<line number="80" hits="6" branch="true" condition-coverage="50% (1/2)">
							<conditions>
								<condition number="0" type="jump" coverage="50%"/>
							</conditions>
						</line>
						<line number="81" hits="6" branch="false"/>
						<line number="84" hits="6" branch="false"/>
						<line number="86" hits="6" branch="false"/>
						<line number="89" hits="6" branch="false"/>
						<line number="90" hits="6" branch="false"/>
						<line number="93" hits="6" branch="false"/>
						<line number="96" hits="6" branch="false"/>
						<line number="98" hits="6" branch="true" condition-coverage="100% (2/2)">
							<conditions>
								<condition number="0" type="jump" coverage="100%"/>
							</conditions>
						</line>
						<line number="99" hits="2" branch="false"/>
						<line number="102" hits="4" branch="false"/>
						<line number="105" hits="4" branch="false"/>
						<line number="107" hits="4" branch="false"/>
						<line number="117" hits="4" branch="false"/>
						<line number="118" hits="4" branch="false"/>
						<line number="119" hits="4" branch="false"/>
						<line number="120" hits="4" branch="false"/>
						<line number="122" hits="8" branch="true" condition-coverage="100% (2/2)">
							<conditions>
								<condition number="0" type="jump" coverage="100%"/>
							</conditions>
						</line>
						<line number="123" hits="4" branch="false"/>
						<line number="125" hits="4" branch="false"/>
						<line number="128" hits="4" branch="false"/>
						<line number="130" hits="4" branch="false"/>
						<line number="132" hits="4" branch="true" condition-coverage="50% (1/2)">
							<conditions>
								<condition number="0" type="jump" coverage="50%"/>
							</conditions>
						</line>
						<line number="133" hits="0" branch="false"/>
						<line number="136" hits="4" branch="true" condition-coverage="100% (2/2)">
							<conditions>
								<condition number="0" type="jump" coverage="100%"/>
							</conditions>
						</line>
						<line number="137" hits="2" branch="true" condition-coverage="50% (1/2)">
							<conditions>
								<condition number="0" type="jump" coverage="50%"/>
							</conditions>
						</line>
						<line number="140" hits="2" branch="true" condition-coverage="50% (1/2)">
							<conditions>
								<condition number="0" type="jump" coverage="50%"/>
							</conditions>
						</line>
						<line number="141" hits="0" branch="true" condition-coverage="0% (0/2)">
							<conditions>
								<condition number="0" type="jump" coverage="0%"/>
							</conditions>
						</line>
						<line number="144" hits="2" branch="false"/>
						<line number="156" hits="12" branch="false"/>
						<line number="158" hits="12" branch="true" condition-coverage="50% (1/2)">
							<conditions>
								<condition number="0" type="jump" coverage="50%"/>
							</conditions>
						</line>
						<line number="159" hits="0" branch="false"/>
						<line number="162" hits="12" branch="false"/>
						<line number="174" hits="4" branch="false"/>
						<line number="176" hits="4" branch="true" condition-coverage="50% (1/2)">
							<conditions>
								<condition number="0" type="jump" coverage="50%"/>
							</conditions>
						</line>
						<line number="177" hits="0" branch="false"/>
						<line number="180" hits="4" branch="false"/>
						<line number="182" hits="4" branch="false"/>
						<line number="184" hits="8" branch="true" condition-coverage="100% (2/2)">
							<conditions>
								<condition number="0" type="jump" coverage="100%"/>
							</conditions>
						</line>
						<line number="185" hits="4" branch="false"/>
						<line number="188" hits="4" branch="false"/>
						<line number="197" hits="6" branch="false"/>
						<line number="198" hits="6" branch="false"/>
						<line number="199" hits="6" branch="false"/>
						<line number="201" hits="6" branch="true" condition-coverage="50% (1/2)">
							<conditions>
								<condition number="0" type="jump" coverage="50%"/>
							</conditions>
						</line>
						<line number="202" hits="18" branch="true" condition-coverage="100% (2/2)">
							<conditions>
								<condition number="0" type="jump" coverage="100%"/>
							</conditions>
						</line>
						<line number="203" hits="12" branch="false"/>
						<line number="207" hits="6" branch="false"/>
						<line number="208" hits="6" branch="false"/>
						<line number="216" hits="6" branch="true" condition-coverage="50% (1/2)">
							<conditions>
								<condition number="0" type="jump" coverage="50%"/>
							</conditions>
						</line>
						<line number="217" hits="0" branch="false"/>
						<line number="220" hits="6" branch="false"/>
						<line number="221" hits="6" branch="false"/>
						<line number="231" hits="6" branch="false"/>
						<line number="232" hits="6" branch="false"/>
						<line number="241" hits="0" branch="false"/>
						<line number="242" hits="0" branch="false"/>
					</lines>
				</class>
				<class name="org.bbqjs.tests.TestResult" filename="org/bbqjs/tests/TestResult.java" line-rate="0.9" branch-rate="1.0" complexity="1.0">
					<methods>
						<method name="&lt;init&gt;" signature="(Lorg/bbqjs/tests/TestResult$TYPE;Ljava/lang/String;)V" line-rate="1.0" branch-rate="1.0">
							<lines>
								<line number="23" hits="6" branch="false"/>
								<line number="24" hits="6" branch="false"/>
								<line number="25" hits="6" branch="false"/>
								<line number="26" hits="6" branch="false"/>
							</lines>
						</method>
						<method name="&lt;init&gt;" signature="(Lorg/bbqjs/tests/TestResult$TYPE;Ljava/lang/String;Ljava/lang/String;)V" line-rate="1.0" branch-rate="1.0">
							<lines>
								<line number="18" hits="2" branch="false"/>
								<line number="20" hits="2" branch="false"/>
								<line number="21" hits="2" branch="false"/>
							</lines>
						</method>
						<method name="getMessage" signature="()Ljava/lang/String;" line-rate="1.0" branch-rate="1.0">
							<lines>
								<line number="37" hits="2" branch="false"/>
							</lines>
						</method>
						<method name="getName" signature="()Ljava/lang/String;" line-rate="0.0" branch-rate="1.0">
							<lines>
								<line number="33" hits="0" branch="false"/>
							</lines>
						</method>
						<method name="getType" signature="()Lorg/bbqjs/tests/TestResult$TYPE;" line-rate="1.0" branch-rate="1.0">
							<lines>
								<line number="29" hits="6" branch="false"/>
							</lines>
						</method>
					</methods>
					<lines>
						<line number="18" hits="2" branch="false"/>
						<line number="20" hits="2" branch="false"/>
						<line number="21" hits="2" branch="false"/>
						<line number="23" hits="6" branch="false"/>
						<line number="24" hits="6" branch="false"/>
						<line number="25" hits="6" branch="false"/>
						<line number="26" hits="6" branch="false"/>
						<line number="29" hits="6" branch="false"/>
						<line number="33" hits="0" branch="false"/>
						<line number="37" hits="2" branch="false"/>
					</lines>
				</class>
				<class name="org.bbqjs.tests.TestResult$TYPE" filename="org/bbqjs/tests/TestResult.java" line-rate="1.0" branch-rate="1.0" complexity="1.0">
					<methods>
						<method name="&lt;clinit&gt;" signature="()V" line-rate="1.0" branch-rate="1.0">
							<lines>
								<line number="7" hits="8" branch="false"/>
								<line number="8" hits="2" branch="false"/>
								<line number="9" hits="2" branch="false"/>
								<line number="10" hits="2" branch="false"/>
							</lines>
						</method>
						<method name="&lt;init&gt;" signature="(Ljava/lang/String;I)V" line-rate="1.0" branch-rate="1.0">
							<lines>
							</lines>
						</method>
						<method name="valueOf" signature="(Ljava/lang/String;)Lorg/bbqjs/tests/TestResult$TYPE;" line-rate="1.0" branch-rate="1.0">
							<lines>
							</lines>
						</method>
						<method name="values" signature="()[Lorg/bbqjs/tests/TestResult$TYPE;" line-rate="1.0" branch-rate="1.0">
							<lines>
							</lines>
						</method>
					</methods>
					<lines>
						<line number="7" hits="8" branch="false"/>
						<line number="8" hits="2" branch="false"/>
						<line number="9" hits="2" branch="false"/>
						<line number="10" hits="2" branch="false"/>
					</lines>
				</class>
			</classes>
		</package>
	</packages>
</coverage>
