<?xml version="1.0"?>
<!DOCTYPE coverage SYSTEM "http://cobertura.sourceforge.net/xml/coverage-04.dtd">

<coverage line-rate="0.8333333333333334" branch-rate="0.5" lines-covered="20" lines-valid="24" branches-covered="4" branches-valid="8" complexity="2.5" version="1.9.4.1" timestamp="1331030422061">
	<sources>
		<source>/Users/alex/Sites/bbq/bbq-maven-plugins/bbq-resources-maven-plugin/src/main/java</source>
		<source>--source</source>
	</sources>
	<packages>
		<package name="org.bbqjs.mojo.resources" line-rate="0.8333333333333334" branch-rate="0.5" complexity="2.5">
			<classes>
				<class name="org.bbqjs.mojo.resources.ImageCopierMojo" filename="org/bbqjs/mojo/resources/ImageCopierMojo.java" line-rate="0.8333333333333334" branch-rate="0.5" complexity="2.5">
					<methods>
						<method name="&lt;init&gt;" signature="()V" line-rate="1.0" branch-rate="1.0">
							<lines>
								<line number="23" hits="2" branch="false"/>
							</lines>
						</method>
						<method name="execute" signature="()V" line-rate="0.8823529411764706" branch-rate="0.5">
							<lines>
								<line number="51" hits="2" branch="true" condition-coverage="25% (1/4)">
									<conditions>
										<condition number="0" type="jump" coverage="50%"/>
										<condition number="1" type="jump" coverage="0%"/>
									</conditions>
								</line>
								<line number="52" hits="2" branch="false"/>
								<line number="58" hits="2" branch="true" condition-coverage="50% (1/2)">
									<conditions>
										<condition number="0" type="jump" coverage="50%"/>
									</conditions>
								</line>
								<line number="59" hits="2" branch="false"/>
								<line number="63" hits="2" branch="false"/>
								<line number="65" hits="2" branch="false"/>
								<line number="68" hits="2" branch="false"/>
								<line number="69" hits="2" branch="false"/>
								<line number="71" hits="8" branch="true" condition-coverage="100% (2/2)">
									<conditions>
										<condition number="0" type="jump" coverage="100%"/>
									</conditions>
								</line>
								<line number="72" hits="6" branch="false"/>
								<line number="74" hits="6" branch="false"/>
								<line number="77" hits="2" branch="false"/>
								<line number="80" hits="2" branch="false"/>
								<line number="81" hits="0" branch="false"/>
								<line number="82" hits="0" branch="false"/>
								<line number="83" hits="2" branch="false"/>
								<line number="84" hits="2" branch="false"/>
							</lines>
						</method>
						<method name="setCssResourceExtensions" signature="([Ljava/lang/String;)V" line-rate="0.0" branch-rate="1.0">
							<lines>
								<line number="95" hits="0" branch="false"/>
								<line number="96" hits="0" branch="false"/>
							</lines>
						</method>
						<method name="setInputDirectory" signature="(Ljava/io/File;)V" line-rate="1.0" branch-rate="1.0">
							<lines>
								<line number="87" hits="2" branch="false"/>
								<line number="88" hits="2" branch="false"/>
							</lines>
						</method>
						<method name="setOutputDirectory" signature="(Ljava/io/File;)V" line-rate="1.0" branch-rate="1.0">
							<lines>
								<line number="91" hits="2" branch="false"/>
								<line number="92" hits="2" branch="false"/>
							</lines>
						</method>
					</methods>
					<lines>
						<line number="23" hits="2" branch="false"/>
						<line number="51" hits="2" branch="true" condition-coverage="25% (1/4)">
							<conditions>
								<condition number="0" type="jump" coverage="50%"/>
								<condition number="1" type="jump" coverage="0%"/>
							</conditions>
						</line>
						<line number="52" hits="2" branch="false"/>
						<line number="58" hits="2" branch="true" condition-coverage="50% (1/2)">
							<conditions>
								<condition number="0" type="jump" coverage="50%"/>
							</conditions>
						</line>
						<line number="59" hits="2" branch="false"/>
						<line number="63" hits="2" branch="false"/>
						<line number="65" hits="2" branch="false"/>
						<line number="68" hits="2" branch="false"/>
						<line number="69" hits="2" branch="false"/>
						<line number="71" hits="8" branch="true" condition-coverage="100% (2/2)">
							<conditions>
								<condition number="0" type="jump" coverage="100%"/>
							</conditions>
						</line>
						<line number="72" hits="6" branch="false"/>
						<line number="74" hits="6" branch="false"/>
						<line number="77" hits="2" branch="false"/>
						<line number="80" hits="2" branch="false"/>
						<line number="81" hits="0" branch="false"/>
						<line number="82" hits="0" branch="false"/>
						<line number="83" hits="2" branch="false"/>
						<line number="84" hits="2" branch="false"/>
						<line number="87" hits="2" branch="false"/>
						<line number="88" hits="2" branch="false"/>
						<line number="91" hits="2" branch="false"/>
						<line number="92" hits="2" branch="false"/>
						<line number="95" hits="0" branch="false"/>
						<line number="96" hits="0" branch="false"/>
					</lines>
				</class>
			</classes>
		</package>
	</packages>
</coverage>
